#
# There is insufficient memory for the Java Runtime Environment to continue.
# Native memory allocation (malloc) failed to allocate 32756 bytes for ChunkPool::allocate
# Possible reasons:
#   The system is out of physical RAM or swap space
#   In 32 bit mode, the process size limit was hit
# Possible solutions:
#   Reduce memory load on the system
#   Increase physical memory or swap space
#   Check if swap backing store is full
#   Use 64 bit Java on a 64 bit OS
#   Decrease Java heap size (-Xmx/-Xms)
#   Decrease number of Java threads
#
#  Out of Memory Error
#
# V
V  [jvm.dll+0x1a0668]
V  [jvm.dll+0x8b571]
V  [jvm.dll+0x8b74d]
V  [jvm.dll+0x8bbc7]
V  [jvm.dll+0xa3514]
V  [jvm.dll+0x17c6ac]
V  [jvm.dll+0x17c883]
V  [jvm.dll+0x17c4b7]
V  [jvm.dll+0x14bb75]
V  [jvm.dll+0x14c32e]
V  [jvm.dll+0x180321]
V  [jvm.dll+0x180737]
V  [jvm.dll+0x180932]
V  [jvm.dll+0x1c0466]
C  [msvcr100.dll+0x5c556]
C  [msvcr100.dll+0x5c600]
C  [KERNEL32.DLL+0x195f4]
C  [ntdll.dll+0x2241a]
C  [ntdll.dll+0x223e9]

VM_Operation (0x1f15fbac): RevokeBias, mode: safepoint, requested by thread 0x19fea400


---------------  P R O C E S S  ---------------

Java Threads: ( => current thread )
  0x19fea800 JavaThread "Image Fetcher 0" daemon [_thread_blocked, id=1772, stack(0x1f160000,0x1f1b0000)]
  0x19fea400 JavaThread "Image Fetcher 0" daemon [_thread_blocked, id=4872, stack(0x1f110000,0x1f160000)]
  0x156d0800 JavaThread "Image Fetcher 1" daemon [_thread_blocked, id=5344, stack(0x15170000,0x151c0000)]
  0x14c5fc00 JavaThread "AWT-EventQueue-0" [_thread_blocked, id=2484, stack(0x150d0000,0x15120000)]
  0x14c60c00 JavaThread "SyntheticaCleanerThread" daemon [_thread_blocked, id=6520, stack(0x14f90000,0x14fe0000)]
  0x14b7c000 JavaThread "Thread-2" daemon [_thread_blocked, id=2608, stack(0x14e30000,0x14e80000)]
  0x14b6b800 JavaThread "AWT-Windows" daemon [_thread_in_native, id=6588, stack(0x14de0000,0x14e30000)]
  0x14b6b000 JavaThread "AWT-Shutdown" [_thread_blocked, id=2760, stack(0x14d90000,0x14de0000)]
  0x14b6a800 JavaThread "Java2D Disposer" daemon [_thread_blocked, id=7384, stack(0x14d40000,0x14d90000)]
  0x01523800 JavaThread "Service Thread" daemon [_thread_blocked, id=8504, stack(0x149c0000,0x14a10000)]
  0x014fa400 JavaThread "C1 CompilerThread0" daemon [_thread_blocked, id=10132, stack(0x14970000,0x149c0000)]
  0x014f7400 JavaThread "Attach Listener" daemon [_thread_blocked, id=7852, stack(0x143a0000,0x143f0000)]
  0x014f5400 JavaThread "Signal Dispatcher" daemon [_thread_blocked, id=1232, stack(0x14350000,0x143a0000)]
  0x014eb000 JavaThread "Finalizer" daemon [_thread_blocked, id=9932, stack(0x03760000,0x037b0000)]
  0x014e6400 JavaThread "Reference Handler" daemon [_thread_blocked, id=3396, stack(0x03710000,0x03760000)]
  0x016ac000 JavaThread "main" [_thread_blocked, id=7784, stack(0x013b0000,0x01400000)]

Other Threads:
=>0x014e2800 VMThread [stack: 0x01650000,0x016a0000] [id=3828]
  0x01531800 WatcherThread [stack: 0x14a10000,0x14a60000] [id=5668]

VM state:at safepoint (normal execution)

VM Mutex/Monitor currently owned by a thread:  ([mutex/lock_event])
[0x016aa8d0] Threads_lock - owner thread: 0x014e2800

Heap:
 def new generation   total 66752K, used 61230K [0x03800000, 0x08060000, 0x08d50000)
  eden space 59392K,  90% used [0x03800000, 0x06c9ba58, 0x07200000)
  from space 7360K, 100% used [0x07930000, 0x08060000, 0x08060000)
  to   space 7360K,   0% used [0x07200000, 0x07200000, 0x07930000)
 tenured generation   total 148100K, used 114191K [0x08d50000, 0x11df1000, 0x13800000)
   the space 148100K,  77% used [0x08d50000, 0x0fcd3d18, 0x0fcd3e00, 0x11df1000)
 Metaspace       used 2563K, capacity 3262K, committed 3392K, reserved 4480K

Card table byte_map: [0x015c0000,0x01650000] byte_map_base: 0x015a4000

Polling page: 0x01400000

CodeCache: size=32768Kb used=3284Kb max_used=3284Kb free=29483Kb
 bounds [0x016b0000, 0x019e8000, 0x036b0000]
 total_blobs=2101 nmethods=1879 adapters=151
 compilation: enabled

Compilation events (10 events):
Event: 90.486 Thread 0x014fa400 1879             javax.swing.plaf.synth.SynthInternalFrameTitlePane::addSubComponents (73 bytes)
Event: 90.487 Thread 0x014fa400 nmethod 1879 0x019e1148 code [0x019e12b0, 0x019e14a0]
Event: 90.503 Thread 0x014fa400 1880   !         sun.reflect.GeneratedMethodAccessor3::invoke (65 bytes)
Event: 90.505 Thread 0x014fa400 nmethod 1880 0x019e1688 code [0x019e1830, 0x019e1c90]
Event: 91.561 Thread 0x014fa400 1881             sun.nio.cs.SingleByte$Encoder::encodeArrayLoop (236 bytes)
Event: 91.565 Thread 0x014fa400 nmethod 1881 0x019e2408 code [0x019e2720, 0x019e321c]
Event: 91.565 Thread 0x014fa400 1882             sun.nio.cs.SingleByte$Encoder::encode (32 bytes)
Event: 91.565 Thread 0x014fa400 nmethod 1882 0x019e4808 code [0x019e4910, 0x019e4a00]
Event: 91.567 Thread 0x014fa400 1883   !         sun.awt.image.ImageFetcher::fetchloop (62 bytes)
Event: 91.568 Thread 0x014fa400 nmethod 1883 0x019e4b08 code [0x019e4c80, 0x019e506c]

GC Heap History (10 events):
Event: 54.484 GC heap before
{Heap before GC invocations=39 (full 4):
 def new generation   total 39360K, used 39278K [0x03800000, 0x062b0000, 0x08d50000)
  eden space 35008K,  99% used [0x03800000, 0x05a1bb40, 0x05a30000)
  from space 4352K, 100% used [0x05e70000, 0x062b0000, 0x062b0000)
  to   space 4352K,   0% used [0x05a30000, 0x05a30000, 0x05e70000)
 tenured generation   total 87324K, used 76910K [0x08d50000, 0x0e297000, 0x13800000)
   the space 87324K,  88% used [0x08d50000, 0x0d86b880, 0x0d86ba00, 0x0e297000)
 Metaspace       used 2561K, capacity 3262K, committed 3392K, reserved 4480K
Event: 54.557 GC heap after
Heap after GC invocations=40 (full 4):
 def new generation   total 39360K, used 4352K [0x03800000, 0x062b0000, 0x08d50000)
  eden space 35008K,   0% used [0x03800000, 0x03800000, 0x05a30000)
  from space 4352K, 100% used [0x05a30000, 0x05e70000, 0x05e70000)
  to   space 4352K,   0% used [0x05e70000, 0x05e70000, 0x062b0000)
 tenured generation   total 87324K, used 82711K [0x08d50000, 0x0e297000, 0x13800000)
   the space 87324K,  94% used [0x08d50000, 0x0de15c98, 0x0de15e00, 0x0e297000)
 Metaspace       used 2561K, capacity 3262K, committed 3392K, reserved 4480K
}
Event: 58.837 GC heap before
{Heap before GC invocations=40 (full 4):
 def new generation   total 39360K, used 39360K [0x03800000, 0x062b0000, 0x08d50000)
  eden space 35008K, 100% used [0x03800000, 0x05a30000, 0x05a30000)
  from space 4352K, 100% used [0x05a30000, 0x05e70000, 0x05e70000)
  to   space 4352K,   0% used [0x05e70000, 0x05e70000, 0x062b0000)
 tenured generation   total 87324K, used 82711K [0x08d50000, 0x0e297000, 0x13800000)
   the space 87324K,  94% used [0x08d50000, 0x0de15c98, 0x0de15e00, 0x0e297000)
 Metaspace       used 2561K, capacity 3262K, committed 3392K, reserved 4480K
Event: 59.430 GC heap after
Heap after GC invocations=41 (full 5):
 def new generation   total 66752K, used 4324K [0x03800000, 0x08060000, 0x08d50000)
  eden space 59392K,   7% used [0x03800000, 0x03c39288, 0x07200000)
  from space 7360K,   0% used [0x07200000, 0x07200000, 0x07930000)
  to   space 7360K,   0% used [0x07930000, 0x07930000, 0x08060000)
 tenured generation   total 148100K, used 88859K [0x08d50000, 0x11df1000, 0x13800000)
   the space 148100K,  59% used [0x08d50000, 0x0e416ff8, 0x0e417000, 0x11df1000)
 Metaspace       used 2561K, capacity 3262K, committed 3392K, reserved 4480K
}
Event: 67.962 GC heap before
{Heap before GC invocations=41 (full 5):
 def new generation   total 66752K, used 59392K [0x03800000, 0x08060000, 0x08d50000)
  eden space 59392K, 100% used [0x03800000, 0x07200000, 0x07200000)
  from space 7360K,   0% used [0x07200000, 0x07200000, 0x07930000)
  to   space 7360K,   0% used [0x07930000, 0x07930000, 0x08060000)
 tenured generation   total 148100K, used 88859K [0x08d50000, 0x11df1000, 0x13800000)
   the space 148100K,  59% used [0x08d50000, 0x0e416ff8, 0x0e417000, 0x11df1000)
 Metaspace       used 2561K, capacity 3262K, committed 3392K, reserved 4480K
Event: 68.164 GC heap after
Heap after GC invocations=42 (full 5):
 def new generation   total 66752K, used 7360K [0x03800000, 0x08060000, 0x08d50000)
  eden space 59392K,   0% used [0x03800000, 0x03800000, 0x07200000)
  from space 7360K, 100% used [0x07930000, 0x08060000, 0x08060000)
  to   space 7360K,   0% used [0x07200000, 0x07200000, 0x07930000)
 tenured generation   total 148100K, used 94441K [0x08d50000, 0x11df1000, 0x13800000)
   the space 148100K,  63% used [0x08d50000, 0x0e98a4f0, 0x0e98a600, 0x11df1000)
 Metaspace       used 2561K, capacity 3262K, committed 3392K, reserved 4480K
}
Event: 76.101 GC heap before
{Heap before GC invocations=42 (full 5):
 def new generation   total 66752K, used 66752K [0x03800000, 0x08060000, 0x08d50000)
  eden space 59392K, 100% used [0x03800000, 0x07200000, 0x07200000)
  from space 7360K, 100% used [0x07930000, 0x08060000, 0x08060000)
  to   space 7360K,   0% used [0x07200000, 0x07200000, 0x07930000)
 tenured generation   total 148100K, used 94441K [0x08d50000, 0x11df1000, 0x13800000)
   the space 148100K,  63% used [0x08d50000, 0x0e98a4f0, 0x0e98a600, 0x11df1000)
 Metaspace       used 2561K, capacity 3262K, committed 3392K, reserved 4480K
Event: 76.240 GC heap after
Heap after GC invocations=43 (full 5):
 def new generation   total 66752K, used 7360K [0x03800000, 0x08060000, 0x08d50000)
  eden space 59392K,   0% used [0x03800000, 0x03800000, 0x07200000)
  from space 7360K, 100% used [0x07200000, 0x07930000, 0x07930000)
  to   space 7360K,   0% used [0x07930000, 0x07930000, 0x08060000)
 tenured generation   total 148100K, used 104607K [0x08d50000, 0x11df1000, 0x13800000)
   the space 148100K,  70% used [0x08d50000, 0x0f377de8, 0x0f377e00, 0x11df1000)
 Metaspace       used 2561K, capacity 3262K, committed 3392K, reserved 4480K
}
Event: 83.817 GC heap before
{Heap before GC invocations=43 (full 5):
 def new generation   total 66752K, used 66752K [0x03800000, 0x08060000, 0x08d50000)
  eden space 59392K, 100% used [0x03800000, 0x07200000, 0x07200000)
  from space 7360K, 100% used [0x07200000, 0x07930000, 0x07930000)
  to   space 7360K,   0% used [0x07930000, 0x07930000, 0x08060000)
 tenured generation   total 148100K, used 104607K [0x08d50000, 0x11df1000, 0x13800000)
   the space 148100K,  70% used [0x08d50000, 0x0f377de8, 0x0f377e00, 0x11df1000)
 Metaspace       used 2561K, capacity 3262K, committed 3392K, reserved 4480K
Event: 83.937 GC heap after
Heap after GC invocations=44 (full 5):
 def new generation   total 66752K, used 7360K [0x03800000, 0x08060000, 0x08d50000)
  eden space 59392K,   0% used [0x03800000, 0x03800000, 0x07200000)
  from space 7360K, 100% used [0x07930000, 0x08060000, 0x08060000)
  to   space 7360K,   0% used [0x07200000, 0x07200000, 0x07930000)
 tenured generation   total 148100K, used 114191K [0x08d50000, 0x11df1000, 0x13800000)
   the space 148100K,  77% used [0x08d50000, 0x0fcd3d18, 0x0fcd3e00, 0x11df1000)
 Metaspace       used 2561K, capacity 3262K, committed 3392K, reserved 4480K
}

Deoptimization events (0 events):
No events

Internal exceptions (10 events):
Event: 0.568 Thread 0x016ac000 Exception <a 'java/io/FileNotFoundException'> (0x03b85650) thrown at [C:\re\workspace\8-2-build-windows-i586-cygwin\jdk8u65\4987\hotspot\src\share\vm\prims\jni.cpp, line 709]
Event: 2.104 Thread 0x15661800 Implicit null exception at 0x0180f9d3 to 0x0180fd29
Event: 15.474 Thread 0x14b7c000 Implicit null exception at 0x01772014 to 0x017726b0
Event: 15.474 Thread 0x14b7c000 Exception <a 'java/lang/NullPointerException'> (0x042f8028) thrown at [C:\re\workspace\8-2-build-windows-i586-cygwin\jdk8u65\4987\hotspot\src\share\vm\runtime\sharedRuntime.cpp, line 605]
Event: 15.474 Thread 0x14b7c000 Exception <a 'java/lang/NullPointerException'> (0x042f8228) thrown at [C:\re\workspace\8-2-build-windows-i586-cygwin\jdk8u65\4987\hotspot\src\share\vm\interpreter\linkResolver.cpp, line 1178]
Event: 91.533 Thread 0x15a1b000 Exception <a 'java/lang/OutOfMemoryError'> (0x06b4c0d0) thrown at [C:\re\workspace\8-2-build-windows-i586-cygwin\jdk8u65\4987\hotspot\src\share\vm\prims\jni.cpp, line 735]
Event: 91.538 Thread 0x15661800 Exception <a 'java/lang/OutOfMemoryError'> (0x06b729d0) thrown at [C:\re\workspace\8-2-build-windows-i586-cygwin\jdk8u65\4987\hotspot\src\share\vm\prims\jni.cpp, line 735]
Event: 91.556 Thread 0x15a1c000 Exception <a 'java/lang/OutOfMemoryError'> (0x06b2d068) thrown at [C:\re\workspace\8-2-build-windows-i586-cygwin\jdk8u65\4987\hotspot\src\share\vm\prims\jni.cpp, line 735]
Event: 91.563 Thread 0x156d0800 Exception <a 'java/lang/OutOfMemoryError'> (0x06c296b8) thrown at [C:\re\workspace\8-2-build-windows-i586-cygwin\jdk8u65\4987\hotspot\src\share\vm\prims\jni.cpp, line 735]
Event: 91.572 Thread 0x19fea400 Exception <a 'java/lang/OutOfMemoryError'> (0x06c52e00) thrown at [C:\re\workspace\8-2-build-windows-i586-cygwin\jdk8u65\4987\hotspot\src\share\vm\prims\jni.cpp, line 735]

Events (10 events):
Event: 91.533 loading class java/util/zip/DataFormatException
Event: 91.534 loading class java/util/zip/DataFormatException done
Event: 91.534 loading class sun/awt/image/ImageFormatException
Event: 91.535 loading class sun/awt/image/ImageFormatException done
Event: 91.553 Thread 0x15a1b000 Thread exited: 0x15a1b000
Event: 91.559 Thread 0x15661800 Thread exited: 0x15661800
Event: 91.564 Thread 0x19fea400 Thread added: 0x19fea400
Event: 91.575 Thread 0x19fea800 Thread added: 0x19fea800
Event: 91.591 Thread 0x15a1c000 Thread exited: 0x15a1c000
Event: 91.594 Executing VM operation: RevokeBias


Dynamic libraries:
0x00060000 - 0x00093000 	C:\Program Files\Java\jdk1.8.0_65\bin\javaw.exe
0x77550000 - 0x776cb000 	C:\WINDOWS\SYSTEM32\ntdll.dll
0x74f40000 - 0x74fd6000 	C:\WINDOWS\system32\KERNEL32.DLL
0x749f0000 - 0x74b6f000 	C:\WINDOWS\system32\KERNELBASE.dll
0x74eb0000 - 0x74f2b000 	C:\WINDOWS\system32\ADVAPI32.dll
0x75c30000 - 0x75cee000 	C:\WINDOWS\system32\msvcrt.dll
0x77480000 - 0x774c4000 	C:\WINDOWS\system32\sechost.dll
0x772c0000 - 0x77382000 	C:\WINDOWS\system32\RPCRT4.dll
0x77180000 - 0x772b8000 	C:\WINDOWS\system32\USER32.dll
0x758b0000 - 0x75a05000 	C:\WINDOWS\system32\GDI32.dll
0x69a80000 - 0x69c8f000 	C:\WINDOWS\WinSxS\x86_microsoft.windows.common-controls_6595b64144ccf1df_6.0.10586.0_none_d3c2e4e965da4528\COMCTL32.dll
0x751e0000 - 0x7539d000 	C:\WINDOWS\system32\combase.dll
0x748e0000 - 0x74938000 	C:\WINDOWS\system32\bcryptPrimitives.dll
0x75d00000 - 0x75d2f000 	C:\WINDOWS\system32\IMM32.DLL
0x59840000 - 0x598ff000 	C:\Program Files\Java\jdk1.8.0_65\jre\bin\msvcr100.dll
0x77c30000 - 0x77ff4000 	C:\Program Files\Java\jdk1.8.0_65\jre\bin\client\jvm.dll
0x74f30000 - 0x74f36000 	C:\WINDOWS\system32\PSAPI.DLL
0x6e470000 - 0x6e478000 	C:\WINDOWS\SYSTEM32\WSOCK32.dll
0x72a20000 - 0x72a44000 	C:\WINDOWS\SYSTEM32\WINMM.dll
0x774d0000 - 0x7752f000 	C:\WINDOWS\system32\WS2_32.dll
0x6e8a0000 - 0x6e8a8000 	C:\WINDOWS\SYSTEM32\VERSION.dll
0x729b0000 - 0x729d3000 	C:\WINDOWS\SYSTEM32\WINMMBASE.dll
0x74b70000 - 0x74ba7000 	C:\WINDOWS\system32\cfgmgr32.dll
0x50040000 - 0x5004c000 	C:\Program Files\Java\jdk1.8.0_65\jre\bin\verify.dll
0x50010000 - 0x50031000 	C:\Program Files\Java\jdk1.8.0_65\jre\bin\java.dll
0x77810000 - 0x77823000 	C:\Program Files\Java\jdk1.8.0_65\jre\bin\zip.dll
0x75d80000 - 0x7717e000 	C:\WINDOWS\system32\SHELL32.dll
0x74340000 - 0x7483a000 	C:\WINDOWS\system32\windows.storage.dll
0x75d30000 - 0x75d75000 	C:\WINDOWS\system32\shlwapi.dll
0x742d0000 - 0x742dc000 	C:\WINDOWS\system32\kernel.appcore.dll
0x75ba0000 - 0x75c2d000 	C:\WINDOWS\system32\shcore.dll
0x742e0000 - 0x74324000 	C:\WINDOWS\system32\powrprof.dll
0x742c0000 - 0x742cf000 	C:\WINDOWS\system32\profapi.dll
0x51c10000 - 0x51d55000 	C:\Program Files\Java\jdk1.8.0_65\jre\bin\awt.dll
0x757b0000 - 0x75842000 	C:\WINDOWS\system32\OLEAUT32.dll
0x72e90000 - 0x72f22000 	C:\WINDOWS\system32\apphelp.dll
0x73020000 - 0x73099000 	C:\WINDOWS\system32\uxtheme.dll
0x75a80000 - 0x75b9f000 	C:\WINDOWS\system32\MSCTF.dll
0x6cd60000 - 0x6cddd000 	C:\Program Files\Common Files\microsoft shared\ink\tiptsf.dll
0x724f0000 - 0x7250d000 	C:\WINDOWS\system32\dwmapi.dll
0x77390000 - 0x7747b000 	C:\WINDOWS\system32\ole32.dll
0x5f360000 - 0x5f399000 	C:\Program Files\Java\jdk1.8.0_65\jre\bin\fontmanager.dll
0x777f0000 - 0x77806000 	C:\Program Files\Java\jdk1.8.0_65\jre\bin\net.dll
0x73d10000 - 0x73d60000 	C:\WINDOWS\system32\mswsock.dll
0x501a0000 - 0x501af000 	C:\Program Files\Java\jdk1.8.0_65\jre\bin\nio.dll
0x5f330000 - 0x5f360000 	C:\Program Files\Java\jdk1.8.0_65\jre\bin\t2k.dll

VM Arguments:
jvm_args: -Dfile.encoding=Cp1252 
java_command: gerudok.main.GerudokMain
java_class_path (initial): C:\Users\Viktor\SIMS\JavaGeRuDok\bin;C:\Users\Viktor\SIMS\JavaGeRuDok\lib\syntheticaAluOxide\synthetica.jar;C:\Users\Viktor\SIMS\JavaGeRuDok\lib\syntheticaAluOxide\syntheticaAluOxide.jar;C:\Users\Viktor\SIMS\JavaGeRuDok\lib\miglayout-4.0.jar;C:\Users\Viktor\SIMS\JavaGeRuDok\lib\dropbox-core-sdk-1.8.2.jar;C:\Users\Viktor\SIMS\JavaGeRuDok\lib\jackson-core-2.6.1.jar
Launcher Type: SUN_STANDARD

Environment Variables:
PATH=C:/Program Files/Java/jdk1.8.0_65/jre/bin/client;C:/Program Files/Java/jdk1.8.0_65/jre/bin;C:/Program Files/Java/jdk1.8.0_65/jre/lib/i386;C:\ProgramData\Oracle\Java\javapath;C:\Python27\;C:\Python27\Scripts;C:\Program Files\Broadcom\Broadcom 802.11 Network Adapter\Driver;C:\Program Files\Intel\TXE Components\TCS\;C:\WINDOWS\system32;C:\WINDOWS;C:\WINDOWS\System32\Wbem;C:\WINDOWS\System32\WindowsPowerShell\v1.0\;C:\Program Files\Intel\TXE Components\DAL\;C:\Program Files\Intel\TXE Components\IPT\;C:\Program Files\MiKTeX 2.9\miktex\bin\;C:\WINDOWS\system32;C:\WINDOWS;C:\WINDOWS\System32\Wbem;C:\WINDOWS\System32\WindowsPowerShell\v1.0\;C:\Program Files\MATLAB\R2014a\runtime\win32;C:\Program Files\MATLAB\R2014a\bin;C:\Program Files\Skype\Phone\;C:\Users\Viktor\AppData\Local\Programs\minghc-7.10.2-i386\switch;C:\Users\Viktor\AppData\Local\Programs\minghc-7.10.2-i386\git-2.4.5.1\cmd;C:\Users\Viktor\AppData\Local\Programs\minghc-7.10.2-i386\git-2.4.5.1\usr\bin;C:\Users\Viktor\AppData\Local\Programs\minghc-7.10.2-i386\ghc-7.10.2\mingw\bin;C:\Users\Viktor\AppData\Local\Programs\minghc-7.10.2-i386\ghc-7.10.2\bin;C:\Users\Viktor\AppData\Local\Programs\minghc-7.10.2-i386\bin;C:\cygwin\bin;C:\Users\Viktor\Desktop;
USERNAME=Viktor
OS=Windows_NT
PROCESSOR_IDENTIFIER=x86 Family 6 Model 55 Stepping 8, GenuineIntel



---------------  S Y S T E M  ---------------

OS: Windows 10.0 Build 10586 (10.0.10586.0)

CPU:total 4 (4 cores per cpu, 1 threads per core) family 6 model 55 stepping 8, cmov, cx8, fxsr, mmx, sse, sse2, sse3, ssse3, sse4.1, sse4.2, popcnt, aes, clmul, erms, 3dnowpref, tsc, tscinvbit

Memory: 4k page, physical 1980816k(57512k free), swap 3809120k(0k free)

vm_info: Java HotSpot(TM) Client VM (25.65-b01) for windows-x86 JRE (1.8.0_65-b17), built on Oct  6 2015 17:26:22 by "java_re" with MS VC++ 10.0 (VS2010)

time: Fri Mar 18 19:52:41 2016
elapsed time: 91 seconds (0d 0h 1m 31s)

